running 621 tests
failures:
failures:
test result: FAILED. 620 passed; 1 failed; 0 ignored; 0 measured; 0 filtered out; finished in 0.27s
running 0 tests
test result: ok. 0 passed; 0 failed; 0 ignored; 0 measured; 0 filtered out; finished in 0.00s
running 18 tests
test result: ok. 18 passed; 0 failed; 0 ignored; 0 measured; 0 filtered out; finished in 0.06s
running 12 tests
test result: ok. 12 passed; 0 failed; 0 ignored; 0 measured; 0 filtered out; finished in 0.03s
running 17 tests
failures:
failures:
test result: FAILED. 12 passed; 5 failed; 0 ignored; 0 measured; 0 filtered out; finished in 0.11s
running 56 tests
test result: ok. 56 passed; 0 failed; 0 ignored; 0 measured; 0 filtered out; finished in 0.31s
running 9 tests
test result: ok. 9 passed; 0 failed; 0 ignored; 0 measured; 0 filtered out; finished in 0.05s
running 20 tests
test result: ok. 20 passed; 0 failed; 0 ignored; 0 measured; 0 filtered out; finished in 0.07s
running 15 tests
test result: ok. 15 passed; 0 failed; 0 ignored; 0 measured; 0 filtered out; finished in 0.04s
running 9 tests
test result: ok. 9 passed; 0 failed; 0 ignored; 0 measured; 0 filtered out; finished in 0.04s
running 22 tests
test result: ok. 22 passed; 0 failed; 0 ignored; 0 measured; 0 filtered out; finished in 0.05s
running 11 tests
test result: ok. 11 passed; 0 failed; 0 ignored; 0 measured; 0 filtered out; finished in 0.05s
running 15 tests
test result: ok. 15 passed; 0 failed; 0 ignored; 0 measured; 0 filtered out; finished in 0.06s
running 27 tests
failures:
failures:
test result: FAILED. 21 passed; 6 failed; 0 ignored; 0 measured; 0 filtered out; finished in 0.08s
running 19 tests
test result: ok. 19 passed; 0 failed; 0 ignored; 0 measured; 0 filtered out; finished in 0.03s
running 21 tests
failures:
failures:
test result: FAILED. 17 passed; 4 failed; 0 ignored; 0 measured; 0 filtered out; finished in 0.07s
running 26 tests
failures:
failures:
test result: FAILED. 18 passed; 8 failed; 0 ignored; 0 measured; 0 filtered out; finished in 0.05s
running 18 tests
failures:
failures:
test result: FAILED. 15 passed; 3 failed; 0 ignored; 0 measured; 0 filtered out; finished in 0.10s
running 20 tests
failures:
failures:
test result: FAILED. 16 passed; 4 failed; 0 ignored; 0 measured; 0 filtered out; finished in 0.36s
running 12 tests
failures:
failures:
test result: FAILED. 8 passed; 4 failed; 0 ignored; 0 measured; 0 filtered out; finished in 0.06s
running 15 tests
test result: ok. 15 passed; 0 failed; 0 ignored; 0 measured; 0 filtered out; finished in 0.02s
running 13 tests
failures:
failures:
test result: FAILED. 8 passed; 5 failed; 0 ignored; 0 measured; 0 filtered out; finished in 0.03s
running 36 tests
failures:
failures:
test result: FAILED. 25 passed; 7 failed; 4 ignored; 0 measured; 0 filtered out; finished in 0.06s
running 19 tests
test result: ok. 19 passed; 0 failed; 0 ignored; 0 measured; 0 filtered out; finished in 0.01s
running 31 tests
test result: ok. 21 passed; 0 failed; 10 ignored; 0 measured; 0 filtered out; finished in 0.29s
